<?xml version="1.0" encoding="UTF-8"?>
<!-- Generated by org.testng.reporters.JUnitXMLReporter -->
<testsuite hostname="DESKTOP-4QKS2NB" ignored="0" name="Surefire test" tests="13" failures="0" timestamp="2020-08-29T22:29:04 MSK" time="0.061" errors="0">
  <testcase name="shouldShowAllIntegersDifferent" time="0.001" classname="task1.ArrayCheckerTest"/>
  <testcase name="shouldShowAllPersonDifferent" time="0.001" classname="task1.ArrayCheckerTest"/>
  <testcase name="shouldShowAllStringsDifferent" time="0.0" classname="task1.ArrayCheckerTest"/>
  <testcase name="shouldShowCopies" time="0.001" classname="task1.ArrayCheckerTest"/>
  <testcase name="shouldShowIntegerCopies" time="0.0" classname="task1.ArrayCheckerTest"/>
  <testcase name="shouldShowPersonCopies" time="0.0" classname="task1.ArrayCheckerTest"/>
  <testcase name="shouldAddTwoToFour" time="0.002" classname="task2.ProductionReadyTaskTest"/>
  <testcase name="shouldAddTwoToFour" time="0.0" classname="task2.ProductionReadyTaskTest"/>
  <testcase name="shouldAddTwoToFour" time="0.001" classname="task2.ProductionReadyTaskTest"/>
  <testcase name="shouldAddTwoToFour" time="0.0" classname="task2.ProductionReadyTaskTest"/>
  <testcase name="shouldAddTwoToFour" time="0.0" classname="task2.ProductionReadyTaskTest"/>
  <testcase name="shouldAddTwoToFour" time="0.001" classname="task2.ProductionReadyTaskTest"/>
  <testcase name="shouldAddTwoToFour" time="0.0" classname="task2.ProductionReadyTaskTest"/>
</testsuite> <!-- Surefire test -->
